<?xml version="1.0" encoding="UTF-8"?>
<testng-results ignored="0" total="1" passed="1" failed="0" skipped="0">
  <reporter-output>
    <line>
      <![CDATA[[Testcase--verify_user_is_able_to_add_product_to_cart started]]]>
    </line>
    <line>
      <![CDATA[[Testcase--verify_user_is_able_to_add_product_to_cart success]]]>
    </line>
  </reporter-output>
  <suite started-at="2024-11-22T14:11:09 IST" name="Default suite" finished-at="2024-11-22T14:11:38 IST" duration-ms="29352">
    <groups>
    </groups>
    <test started-at="2024-11-22T14:11:09 IST" name="Default test" finished-at="2024-11-22T14:11:38 IST" duration-ms="29352">
      <class name="org.AutomationTestScripts.DWS_CartSTC_001_Test">
        <test-method is-config="true" signature="beforeSuite()[pri:0, instance:org.AutomationTestScripts.DWS_CartSTC_001_Test@dd8ba08]" started-at="2024-11-22T14:11:09 IST" name="beforeSuite" finished-at="2024-11-22T14:11:09 IST" duration-ms="15" status="PASS">
          <reporter-output>
          </reporter-output>
        </test-method> <!-- beforeSuite -->
        <test-method is-config="true" signature="beforeTest()[pri:0, instance:org.AutomationTestScripts.DWS_CartSTC_001_Test@dd8ba08]" started-at="2024-11-22T14:11:09 IST" name="beforeTest" finished-at="2024-11-22T14:11:09 IST" duration-ms="3" status="PASS">
          <reporter-output>
          </reporter-output>
        </test-method> <!-- beforeTest -->
        <test-method is-config="true" signature="launchAndMaximizedBrowser(java.lang.String)[pri:0, instance:org.AutomationTestScripts.DWS_CartSTC_001_Test@dd8ba08]" started-at="2024-11-22T14:11:09 IST" name="launchAndMaximizedBrowser" finished-at="2024-11-22T14:11:13 IST" duration-ms="4292" status="PASS">
          <params>
            <param index="0">
              <value>
                <![CDATA[chrome]]>
              </value>
            </param>
          </params>
          <reporter-output>
          </reporter-output>
        </test-method> <!-- launchAndMaximizedBrowser -->
        <test-method is-config="true" signature="loginToApplication()[pri:0, instance:org.AutomationTestScripts.DWS_CartSTC_001_Test@dd8ba08]" started-at="2024-11-22T14:11:13 IST" name="loginToApplication" finished-at="2024-11-22T14:11:26 IST" duration-ms="13028" status="PASS">
          <reporter-output>
          </reporter-output>
        </test-method> <!-- loginToApplication -->
        <test-method signature="verify_user_is_able_to_add_product_to_cart()[pri:0, instance:org.AutomationTestScripts.DWS_CartSTC_001_Test@dd8ba08]" started-at="2024-11-22T14:11:26 IST" name="verify_user_is_able_to_add_product_to_cart" finished-at="2024-11-22T14:11:35 IST" duration-ms="8757" status="PASS">
          <reporter-output>
            <line>
              <![CDATA[[Testcase--verify_user_is_able_to_add_product_to_cart started]]]>
            </line>
            <line>
              <![CDATA[[Testcase--verify_user_is_able_to_add_product_to_cart success]]]>
            </line>
          </reporter-output>
        </test-method> <!-- verify_user_is_able_to_add_product_to_cart -->
        <test-method is-config="true" signature="logoutFromApplication()[pri:0, instance:org.AutomationTestScripts.DWS_CartSTC_001_Test@dd8ba08]" started-at="2024-11-22T14:11:35 IST" name="logoutFromApplication" finished-at="2024-11-22T14:11:37 IST" duration-ms="2614" status="PASS">
          <reporter-output>
          </reporter-output>
        </test-method> <!-- logoutFromApplication -->
        <test-method is-config="true" signature="tearDownBrowser()[pri:0, instance:org.AutomationTestScripts.DWS_CartSTC_001_Test@dd8ba08]" started-at="2024-11-22T14:11:37 IST" name="tearDownBrowser" finished-at="2024-11-22T14:11:38 IST" duration-ms="551" status="PASS">
          <reporter-output>
          </reporter-output>
        </test-method> <!-- tearDownBrowser -->
        <test-method is-config="true" signature="afterTest()[pri:0, instance:org.AutomationTestScripts.DWS_CartSTC_001_Test@dd8ba08]" started-at="2024-11-22T14:11:38 IST" name="afterTest" finished-at="2024-11-22T14:11:38 IST" duration-ms="1" status="PASS">
          <reporter-output>
          </reporter-output>
        </test-method> <!-- afterTest -->
        <test-method is-config="true" signature="afterSuite()[pri:0, instance:org.AutomationTestScripts.DWS_CartSTC_001_Test@dd8ba08]" started-at="2024-11-22T14:11:38 IST" name="afterSuite" finished-at="2024-11-22T14:11:38 IST" duration-ms="1" status="PASS">
          <reporter-output>
          </reporter-output>
        </test-method> <!-- afterSuite -->
      </class> <!-- org.AutomationTestScripts.DWS_CartSTC_001_Test -->
    </test> <!-- Default test -->
  </suite> <!-- Default suite -->
</testng-results>
