<?xml version="1.0" encoding="UTF-8"?>
<testng-results ignored="0" total="1" passed="1" failed="0" skipped="0">
  <reporter-output>
  </reporter-output>
  <suite started-at="2024-11-14T12:50:48 IST" name="Surefire suite" finished-at="2024-11-14T12:50:52 IST" duration-ms="4438">
    <groups>
    </groups>
    <test started-at="2024-11-14T12:50:48 IST" name="Surefire test" finished-at="2024-11-14T12:50:52 IST" duration-ms="4438">
      <class name="org.testscripts.MavenParameter_Test">
        <test-method signature="launchingGoogleUsingParameterization()[pri:0, instance:org.testscripts.MavenParameter_Test@1d76aeea]" started-at="2024-11-14T12:50:48 IST" name="launchingGoogleUsingParameterization" finished-at="2024-11-14T12:50:52 IST" duration-ms="4378" status="PASS">
          <reporter-output>
          </reporter-output>
        </test-method> <!-- launchingGoogleUsingParameterization -->
      </class> <!-- org.testscripts.MavenParameter_Test -->
    </test> <!-- Surefire test -->
  </suite> <!-- Surefire suite -->
</testng-results>
