<?xml version="1.0" encoding="UTF-8"?>
<!-- Generated by org.testng.reporters.JUnitXMLReporter -->
<testsuite ignored="0" hostname="Piyu" failures="0" tests="3" name="Test" time="9.464" errors="0" timestamp="2024-11-13T13:37:06 IST">
  <testcase classname="org.testscripts.Kohli_Test" name="launchKohli" time="3.749"/>
  <testcase classname="org.testscripts.Dhoni_Test" name="launchDhoni" time="2.891"/>
  <testcase classname="org.testscripts.Hardik_Test" name="launchHardik" time="2.767"/>
</testsuite> <!-- Test -->
